xfce4-panel: Failed to connect to session manager: Failed to connect to the session manager: SESSION_MANAGER environment variable not defined

(wrapper-2.0:4061): libactions-WARNING **: 21:34:18.509: Calling CanShutdown failed GDBus.Error:org.freedesktop.DBus.Error.ServiceUnknown: The name is not activatable

(wrapper-2.0:4061): libactions-WARNING **: 21:34:18.509: Calling CanRestart failed GDBus.Error:org.freedesktop.DBus.Error.ServiceUnknown: The name is not activatable

(wrapper-2.0:4061): libactions-WARNING **: 21:34:18.509: Calling CanSuspend failed GDBus.Error:org.freedesktop.DBus.Error.ServiceUnknown: The name is not activatable

(wrapper-2.0:4061): libactions-WARNING **: 21:34:18.509: Calling CanHibernate failed GDBus.Error:org.freedesktop.DBus.Error.ServiceUnknown: The name is not activatable

(wrapper-2.0:4061): libactions-WARNING **: 21:34:18.510: Calling CanHybridSleep failed GDBus.Error:org.freedesktop.DBus.Error.ServiceUnknown: The name is not activatable

(wrapper-2.0:4061): Gtk-WARNING **: 21:34:18.536: Negative content width -1 (allocation 1, extents 1x1) while allocating gadget (node button, owner XfceArrowButton)
xfce4-panel-Message: 22:49:55.637: Plugin systray-6 has been automatically restarted after crash.
xfce4-panel-Message: 22:49:55.637: Plugin actions-14 has been automatically restarted after crash.

(wrapper-2.0:6432): libactions-WARNING **: 22:49:55.798: Calling CanShutdown failed GDBus.Error:org.freedesktop.DBus.Error.ServiceUnknown: The name is not activatable

(wrapper-2.0:6432): libactions-WARNING **: 22:49:55.798: Calling CanRestart failed GDBus.Error:org.freedesktop.DBus.Error.ServiceUnknown: The name is not activatable

(wrapper-2.0:6432): libactions-WARNING **: 22:49:55.798: Calling CanSuspend failed GDBus.Error:org.freedesktop.DBus.Error.ServiceUnknown: The name is not activatable

(wrapper-2.0:6432): libactions-WARNING **: 22:49:55.798: Calling CanHibernate failed GDBus.Error:org.freedesktop.DBus.Error.ServiceUnknown: The name is not activatable

(wrapper-2.0:6432): libactions-WARNING **: 22:49:55.799: Calling CanHybridSleep failed GDBus.Error:org.freedesktop.DBus.Error.ServiceUnknown: The name is not activatable

(wrapper-2.0:6432): Gtk-WARNING **: 22:49:55.821: Negative content width -1 (allocation 1, extents 1x1) while allocating gadget (node button, owner XfceArrowButton)
[Parent 7080, Gecko_IOThread] WARNING: pipe error (44): Connection reset by peer: file /builddir/build/BUILD/firefox-68.0.2/ipc/chromium/src/chrome/common/ipc_channel_posix.cc, line 358
[Parent 7080, Gecko_IOThread] WARNING: pipe error (160): Connection reset by peer: file /builddir/build/BUILD/firefox-68.0.2/ipc/chromium/src/chrome/common/ipc_channel_posix.cc, line 358
[Parent 7080, Gecko_IOThread] WARNING: pipe error (65): Connection reset by peer: file /builddir/build/BUILD/firefox-68.0.2/ipc/chromium/src/chrome/common/ipc_channel_posix.cc, line 358

###!!! [Parent][RunMessage] Error: Channel closing: too late to send/recv, messages will be lost


(transmission-gtk:7587): Gdk-CRITICAL **: 23:17:33.246: gdk_window_thaw_toplevel_updates: assertion 'window->update_and_descendants_freeze_count > 0' failed

** (transmission-gtk:7587): WARNING **: 23:17:58.106: Failed to create proxy for org.freedesktop.Notifications

(xfce4-panel:4056): GLib-GObject-WARNING **: 09:49:04.902: invalid unclassed pointer in cast to 'GtkWidget'

(xfce4-panel:4056): Gtk-CRITICAL **: 09:49:04.902: gtk_widget_queue_resize: assertion 'GTK_IS_WIDGET (widget)' failed
[Parent 10473, Gecko_IOThread] WARNING: pipe error (173): Connection reset by peer: file /builddir/build/BUILD/firefox-68.0.2/ipc/chromium/src/chrome/common/ipc_channel_posix.cc, line 358
[Parent 10473, Gecko_IOThread] WARNING: pipe error (174): Connection reset by peer: file /builddir/build/BUILD/firefox-68.0.2/ipc/chromium/src/chrome/common/ipc_channel_posix.cc, line 358
[Parent 10473, Gecko_IOThread] WARNING: pipe error (277): Connection reset by peer: file /builddir/build/BUILD/firefox-68.0.2/ipc/chromium/src/chrome/common/ipc_channel_posix.cc, line 358
[Parent 10473, Gecko_IOThread] WARNING: pipe error (176): Connection reset by peer: file /builddir/build/BUILD/firefox-68.0.2/ipc/chromium/src/chrome/common/ipc_channel_posix.cc, line 358
[Parent 10473, Gecko_IOThread] WARNING: pipe error (200): Connection reset by peer: file /builddir/build/BUILD/firefox-68.0.2/ipc/chromium/src/chrome/common/ipc_channel_posix.cc, line 358
[Parent 10473, Gecko_IOThread] WARNING: pipe error (94): Connection reset by peer: file /builddir/build/BUILD/firefox-68.0.2/ipc/chromium/src/chrome/common/ipc_channel_posix.cc, line 358
[Parent 10473, Gecko_IOThread] WARNING: pipe error (301): Connection reset by peer: file /builddir/build/BUILD/firefox-68.0.2/ipc/chromium/src/chrome/common/ipc_channel_posix.cc, line 358
[Parent 10473, Gecko_IOThread] WARNING: pipe error (182): Connection reset by peer: file /builddir/build/BUILD/firefox-68.0.2/ipc/chromium/src/chrome/common/ipc_channel_posix.cc, line 358

(xfce4-panel:4056): xfce4-panel-CRITICAL **: 15:48:39.938: panel-window.c:2010 (panel_window_screen_layout_changed): expression 'PANEL_IS_WINDOW (window)' failed.

(xfce4-panel:4056): xfce4-panel-CRITICAL **: 15:48:39.941: panel-window.c:2010 (panel_window_screen_layout_changed): expression 'PANEL_IS_WINDOW (window)' failed.
[Parent 10473, Gecko_IOThread] WARNING: pipe error (94): Connection reset by peer: file /builddir/build/BUILD/firefox-68.0.2/ipc/chromium/src/chrome/common/ipc_channel_posix.cc, line 358
[Parent 10473, Gecko_IOThread] WARNING: pipe error (100): Connection reset by peer: file /builddir/build/BUILD/firefox-68.0.2/ipc/chromium/src/chrome/common/ipc_channel_posix.cc, line 358
[Parent 10473, Gecko_IOThread] WARNING: pipe error (140): Connection reset by peer: file /builddir/build/BUILD/firefox-68.0.2/ipc/chromium/src/chrome/common/ipc_channel_posix.cc, line 358
[Parent 10473, Gecko_IOThread] WARNING: pipe error (238): Connection reset by peer: file /builddir/build/BUILD/firefox-68.0.2/ipc/chromium/src/chrome/common/ipc_channel_posix.cc, line 358
[Parent 10473, Gecko_IOThread] WARNING: pipe error (184): Connection reset by peer: file /builddir/build/BUILD/firefox-68.0.2/ipc/chromium/src/chrome/common/ipc_channel_posix.cc, line 358
[Parent 10473, Gecko_IOThread] WARNING: pipe error (44): Connection reset by peer: file /builddir/build/BUILD/firefox-68.0.2/ipc/chromium/src/chrome/common/ipc_channel_posix.cc, line 358
xfce4-panel-Message: 16:00:36.546: An output is set on the panel window (HDMI-1), but it looks  like the driver does not support output names. Falling back to normal monitor positioning, you have to set the output again in the preferences to activate this feature.

(xfce4-panel:4056): xfce4-panel-CRITICAL **: 16:00:36.551: panel-window.c:2010 (panel_window_screen_layout_changed): expression 'PANEL_IS_WINDOW (window)' failed.

(xfce4-panel:4056): xfce4-panel-CRITICAL **: 16:00:36.554: panel-window.c:2010 (panel_window_screen_layout_changed): expression 'PANEL_IS_WINDOW (window)' failed.

(xfce4-panel:4056): xfce4-panel-CRITICAL **: 16:00:36.555: panel-window.c:2010 (panel_window_screen_layout_changed): expression 'PANEL_IS_WINDOW (window)' failed.

(xfce4-panel:4056): xfce4-panel-CRITICAL **: 16:00:37.284: panel-window.c:2010 (panel_window_screen_layout_changed): expression 'PANEL_IS_WINDOW (window)' failed.

(xfce4-panel:4056): xfce4-panel-CRITICAL **: 16:00:37.285: panel-window.c:2010 (panel_window_screen_layout_changed): expression 'PANEL_IS_WINDOW (window)' failed.

(xfce4-panel:4056): xfce4-panel-CRITICAL **: 16:00:47.988: panel-window.c:2010 (panel_window_screen_layout_changed): expression 'PANEL_IS_WINDOW (window)' failed.

(xfce4-panel:4056): xfce4-panel-CRITICAL **: 16:00:47.989: panel-window.c:2010 (panel_window_screen_layout_changed): expression 'PANEL_IS_WINDOW (window)' failed.

(xfce4-panel:4056): xfce4-panel-CRITICAL **: 16:00:47.991: panel-window.c:2010 (panel_window_screen_layout_changed): expression 'PANEL_IS_WINDOW (window)' failed.

(xfce4-panel:4056): xfce4-panel-CRITICAL **: 16:00:48.712: panel-window.c:2010 (panel_window_screen_layout_changed): expression 'PANEL_IS_WINDOW (window)' failed.

(xfce4-panel:4056): xfce4-panel-CRITICAL **: 16:00:48.713: panel-window.c:2010 (panel_window_screen_layout_changed): expression 'PANEL_IS_WINDOW (window)' failed.
[Parent 10473, Gecko_IOThread] WARNING: pipe error (103): Connection reset by peer: file /builddir/build/BUILD/firefox-68.0.2/ipc/chromium/src/chrome/common/ipc_channel_posix.cc, line 358
[Parent 10473, Gecko_IOThread] WARNING: pipe error (265): Connection reset by peer: file /builddir/build/BUILD/firefox-68.0.2/ipc/chromium/src/chrome/common/ipc_channel_posix.cc, line 358

(xfce4-panel:4056): xfce4-panel-CRITICAL **: 16:17:47.168: panel-window.c:2010 (panel_window_screen_layout_changed): expression 'PANEL_IS_WINDOW (window)' failed.

(xfce4-panel:4056): xfce4-panel-CRITICAL **: 16:17:47.172: panel-window.c:2010 (panel_window_screen_layout_changed): expression 'PANEL_IS_WINDOW (window)' failed.
[Child 10624, MediaPlayback #12] WARNING: Decoder=7fd0c7cdce00 Decode error: NS_ERROR_DOM_MEDIA_FATAL_ERR (0x806e0005) - RefPtr<mozilla::MozPromise<RefPtr<mozilla::MediaTrackDemuxer::SamplesHolder>, mozilla::MediaResult, true> > mozilla::MediaSourceTrackDemuxer::DoGetSamples(int32_t): manager is detached.: file /builddir/build/BUILD/firefox-68.0.2/dom/media/MediaDecoderStateMachine.cpp, line 3307
[Child 10624, MediaPlayback #12] WARNING: Decoder=7fd0c7cdce00 Decode error: NS_ERROR_DOM_MEDIA_FATAL_ERR (0x806e0005) - RefPtr<mozilla::MozPromise<RefPtr<mozilla::MediaTrackDemuxer::SamplesHolder>, mozilla::MediaResult, true> > mozilla::MediaSourceTrackDemuxer::DoGetSamples(int32_t): manager is detached.: file /builddir/build/BUILD/firefox-68.0.2/dom/media/MediaDecoderStateMachine.cpp, line 3307
[Child 10624, MediaPlayback #9] WARNING: Decoder=7fd0c7cdce00 Decode error: NS_ERROR_DOM_MEDIA_FATAL_ERR (0x806e0005) - RefPtr<mozilla::MozPromise<RefPtr<mozilla::MediaTrackDemuxer::SamplesHolder>, mozilla::MediaResult, true> > mozilla::MediaSourceTrackDemuxer::DoGetSamples(int32_t): manager is detached.: file /builddir/build/BUILD/firefox-68.0.2/dom/media/MediaDecoderStateMachine.cpp, line 3307
[Child 10624, MediaPlayback #11] WARNING: Decoder=7fd0c7cdce00 Decode error: NS_ERROR_DOM_MEDIA_FATAL_ERR (0x806e0005) - RefPtr<mozilla::MozPromise<RefPtr<mozilla::MediaTrackDemuxer::SamplesHolder>, mozilla::MediaResult, true> > mozilla::MediaSourceTrackDemuxer::DoGetSamples(int32_t): manager is detached.: file /builddir/build/BUILD/firefox-68.0.2/dom/media/MediaDecoderStateMachine.cpp, line 3307
[Parent 10473, Gecko_IOThread] WARNING: pipe error (66): Connection reset by peer: file /builddir/build/BUILD/firefox-68.0.2/ipc/chromium/src/chrome/common/ipc_channel_posix.cc, line 358
[Parent 10473, Gecko_IOThread] WARNING: pipe error (151): Connection reset by peer: file /builddir/build/BUILD/firefox-68.0.2/ipc/chromium/src/chrome/common/ipc_channel_posix.cc, line 358
[Parent 10473, Gecko_IOThread] WARNING: pipe error (94): Connection reset by peer: file /builddir/build/BUILD/firefox-68.0.2/ipc/chromium/src/chrome/common/ipc_channel_posix.cc, line 358

(xfce4-panel:4056): xfce4-panel-CRITICAL **: 17:08:48.557: panel-window.c:2010 (panel_window_screen_layout_changed): expression 'PANEL_IS_WINDOW (window)' failed.

(xfce4-panel:4056): xfce4-panel-CRITICAL **: 17:08:48.558: panel-window.c:2010 (panel_window_screen_layout_changed): expression 'PANEL_IS_WINDOW (window)' failed.

(xfce4-panel:4056): xfce4-panel-CRITICAL **: 17:08:49.282: panel-window.c:2010 (panel_window_screen_layout_changed): expression 'PANEL_IS_WINDOW (window)' failed.

(xfce4-panel:4056): xfce4-panel-CRITICAL **: 17:08:49.284: panel-window.c:2010 (panel_window_screen_layout_changed): expression 'PANEL_IS_WINDOW (window)' failed.

(xfce4-panel:4056): xfce4-panel-CRITICAL **: 17:08:59.976: panel-window.c:2010 (panel_window_screen_layout_changed): expression 'PANEL_IS_WINDOW (window)' failed.

(xfce4-panel:4056): xfce4-panel-CRITICAL **: 17:08:59.977: panel-window.c:2010 (panel_window_screen_layout_changed): expression 'PANEL_IS_WINDOW (window)' failed.

(xfce4-panel:4056): xfce4-panel-CRITICAL **: 17:09:00.701: panel-window.c:2010 (panel_window_screen_layout_changed): expression 'PANEL_IS_WINDOW (window)' failed.

(xfce4-panel:4056): xfce4-panel-CRITICAL **: 17:09:00.702: panel-window.c:2010 (panel_window_screen_layout_changed): expression 'PANEL_IS_WINDOW (window)' failed.

(xfce4-panel:4056): xfce4-panel-CRITICAL **: 17:18:41.547: panel-window.c:2010 (panel_window_screen_layout_changed): expression 'PANEL_IS_WINDOW (window)' failed.

(xfce4-panel:4056): xfce4-panel-CRITICAL **: 17:18:41.548: panel-window.c:2010 (panel_window_screen_layout_changed): expression 'PANEL_IS_WINDOW (window)' failed.

(xfce4-panel:4056): xfce4-panel-CRITICAL **: 19:52:02.661: panel-window.c:2010 (panel_window_screen_layout_changed): expression 'PANEL_IS_WINDOW (window)' failed.

(xfce4-panel:4056): xfce4-panel-CRITICAL **: 19:52:02.663: panel-window.c:2010 (panel_window_screen_layout_changed): expression 'PANEL_IS_WINDOW (window)' failed.
[Parent 10473, Gecko_IOThread] WARNING: pipe error (141): Connection reset by peer: file /builddir/build/BUILD/firefox-68.0.2/ipc/chromium/src/chrome/common/ipc_channel_posix.cc, line 358
[Parent 10473, Gecko_IOThread] WARNING: pipe error: Broken pipe: file /builddir/build/BUILD/firefox-68.0.2/ipc/chromium/src/chrome/common/ipc_channel_posix.cc, line 727
[Parent 10473, Gecko_IOThread] WARNING: pipe error (273): Connection reset by peer: file /builddir/build/BUILD/firefox-68.0.2/ipc/chromium/src/chrome/common/ipc_channel_posix.cc, line 358
[Parent 10473, Gecko_IOThread] WARNING: pipe error (40): Connection reset by peer: file /builddir/build/BUILD/firefox-68.0.2/ipc/chromium/src/chrome/common/ipc_channel_posix.cc, line 358

(xfce4-panel:4056): xfce4-panel-CRITICAL **: 20:58:52.966: panel-window.c:2010 (panel_window_screen_layout_changed): expression 'PANEL_IS_WINDOW (window)' failed.

(xfce4-panel:4056): xfce4-panel-CRITICAL **: 20:58:52.967: panel-window.c:2010 (panel_window_screen_layout_changed): expression 'PANEL_IS_WINDOW (window)' failed.

(xfce4-panel:4056): xfce4-panel-CRITICAL **: 20:58:53.757: panel-window.c:2010 (panel_window_screen_layout_changed): expression 'PANEL_IS_WINDOW (window)' failed.

(xfce4-panel:4056): xfce4-panel-CRITICAL **: 20:58:53.758: panel-window.c:2010 (panel_window_screen_layout_changed): expression 'PANEL_IS_WINDOW (window)' failed.
[Parent 10473, Gecko_IOThread] WARNING: pipe error (204): Connection reset by peer: file /builddir/build/BUILD/firefox-68.0.2/ipc/chromium/src/chrome/common/ipc_channel_posix.cc, line 358
[Child 26417, MediaPlayback #6] WARNING: Decoder=7fc213d0de00 Decode error: NS_ERROR_DOM_MEDIA_FATAL_ERR (0x806e0005) - RefPtr<mozilla::MozPromise<RefPtr<mozilla::MediaTrackDemuxer::SamplesHolder>, mozilla::MediaResult, true> > mozilla::MediaSourceTrackDemuxer::DoGetSamples(int32_t): manager is detached.: file /builddir/build/BUILD/firefox-68.0.2/dom/media/MediaDecoderStateMachine.cpp, line 3307
[Child 26417, MediaPlayback #6] WARNING: Decoder=7fc213d0de00 Decode error: NS_ERROR_DOM_MEDIA_FATAL_ERR (0x806e0005) - RefPtr<mozilla::MozPromise<RefPtr<mozilla::MediaTrackDemuxer::SamplesHolder>, mozilla::MediaResult, true> > mozilla::MediaSourceTrackDemuxer::DoGetSamples(int32_t): manager is detached.: file /builddir/build/BUILD/firefox-68.0.2/dom/media/MediaDecoderStateMachine.cpp, line 3307
[Child 26417, MediaPlayback #5] WARNING: Decoder=7fc213d0de00 Decode error: NS_ERROR_DOM_MEDIA_FATAL_ERR (0x806e0005) - RefPtr<mozilla::MozPromise<RefPtr<mozilla::MediaTrackDemuxer::SamplesHolder>, mozilla::MediaResult, true> > mozilla::MediaSourceTrackDemuxer::DoGetSamples(int32_t): manager is detached.: file /builddir/build/BUILD/firefox-68.0.2/dom/media/MediaDecoderStateMachine.cpp, line 3307
[Child 26417, MediaPlayback #8] WARNING: Decoder=7fc213d0de00 Decode error: NS_ERROR_DOM_MEDIA_FATAL_ERR (0x806e0005) - RefPtr<mozilla::MozPromise<RefPtr<mozilla::MediaTrackDemuxer::SamplesHolder>, mozilla::MediaResult, true> > mozilla::MediaSourceTrackDemuxer::DoGetSamples(int32_t): manager is detached.: file /builddir/build/BUILD/firefox-68.0.2/dom/media/MediaDecoderStateMachine.cpp, line 3307
[Child 26417, MediaPlayback #7] WARNING: Decoder=7fc213d0de00 Decode error: NS_ERROR_DOM_MEDIA_FATAL_ERR (0x806e0005) - RefPtr<mozilla::MozPromise<RefPtr<mozilla::MediaTrackDemuxer::SamplesHolder>, mozilla::MediaResult, true> > mozilla::MediaSourceTrackDemuxer::DoGetSamples(int32_t): manager is detached.: file /builddir/build/BUILD/firefox-68.0.2/dom/media/MediaDecoderStateMachine.cpp, line 3307
[Child 26417, MediaPlayback #6] WARNING: Decoder=7fc213d0de00 Decode error: NS_ERROR_DOM_MEDIA_FATAL_ERR (0x806e0005) - RefPtr<mozilla::MozPromise<RefPtr<mozilla::MediaTrackDemuxer::SamplesHolder>, mozilla::MediaResult, true> > mozilla::MediaSourceTrackDemuxer::DoGetSamples(int32_t): manager is detached.: file /builddir/build/BUILD/firefox-68.0.2/dom/media/MediaDecoderStateMachine.cpp, line 3307
[Child 26417, MediaPlayback #7] WARNING: Decoder=7fc213d0de00 Decode error: NS_ERROR_DOM_MEDIA_FATAL_ERR (0x806e0005) - RefPtr<mozilla::MozPromise<RefPtr<mozilla::MediaTrackDemuxer::SamplesHolder>, mozilla::MediaResult, true> > mozilla::MediaSourceTrackDemuxer::DoGetSamples(int32_t): manager is detached.: file /builddir/build/BUILD/firefox-68.0.2/dom/media/MediaDecoderStateMachine.cpp, line 3307
[Child 26417, MediaPlayback #6] WARNING: Decoder=7fc213d0de00 Decode error: NS_ERROR_DOM_MEDIA_FATAL_ERR (0x806e0005) - RefPtr<mozilla::MozPromise<RefPtr<mozilla::MediaTrackDemuxer::SamplesHolder>, mozilla::MediaResult, true> > mozilla::MediaSourceTrackDemuxer::DoGetSamples(int32_t): manager is detached.: file /builddir/build/BUILD/firefox-68.0.2/dom/media/MediaDecoderStateMachine.cpp, line 3307
[Parent 10473, Gecko_IOThread] WARNING: pipe error (207): Connection reset by peer: file /builddir/build/BUILD/firefox-68.0.2/ipc/chromium/src/chrome/common/ipc_channel_posix.cc, line 358
[Parent 10473, Gecko_IOThread] WARNING: pipe error (76): Connection reset by peer: file /builddir/build/BUILD/firefox-68.0.2/ipc/chromium/src/chrome/common/ipc_channel_posix.cc, line 358
[Parent 10473, Gecko_IOThread] WARNING: pipe error (66): Connection reset by peer: file /builddir/build/BUILD/firefox-68.0.2/ipc/chromium/src/chrome/common/ipc_channel_posix.cc, line 358
[Parent 10473, Gecko_IOThread] WARNING: pipe error (276): Connection reset by peer: file /builddir/build/BUILD/firefox-68.0.2/ipc/chromium/src/chrome/common/ipc_channel_posix.cc, line 358

(xfce4-panel:4056): xfce4-panel-CRITICAL **: 23:08:56.741: panel-window.c:2010 (panel_window_screen_layout_changed): expression 'PANEL_IS_WINDOW (window)' failed.

(xfce4-panel:4056): xfce4-panel-CRITICAL **: 23:08:56.742: panel-window.c:2010 (panel_window_screen_layout_changed): expression 'PANEL_IS_WINDOW (window)' failed.

(xfce4-panel:4056): xfce4-panel-CRITICAL **: 23:08:57.466: panel-window.c:2010 (panel_window_screen_layout_changed): expression 'PANEL_IS_WINDOW (window)' failed.

(xfce4-panel:4056): xfce4-panel-CRITICAL **: 23:08:57.467: panel-window.c:2010 (panel_window_screen_layout_changed): expression 'PANEL_IS_WINDOW (window)' failed.

(xfce4-panel:4056): xfce4-panel-CRITICAL **: 23:09:08.168: panel-window.c:2010 (panel_window_screen_layout_changed): expression 'PANEL_IS_WINDOW (window)' failed.

(xfce4-panel:4056): xfce4-panel-CRITICAL **: 23:09:08.169: panel-window.c:2010 (panel_window_screen_layout_changed): expression 'PANEL_IS_WINDOW (window)' failed.

(xfce4-panel:4056): xfce4-panel-CRITICAL **: 23:09:08.902: panel-window.c:2010 (panel_window_screen_layout_changed): expression 'PANEL_IS_WINDOW (window)' failed.

(xfce4-panel:4056): xfce4-panel-CRITICAL **: 23:09:08.903: panel-window.c:2010 (panel_window_screen_layout_changed): expression 'PANEL_IS_WINDOW (window)' failed.
[Child 26417, MediaPlayback #4] WARNING: Decoder=7fc213d09400 Decode error: NS_ERROR_DOM_MEDIA_FATAL_ERR (0x806e0005) - RefPtr<mozilla::MozPromise<RefPtr<mozilla::MediaTrackDemuxer::SamplesHolder>, mozilla::MediaResult, true> > mozilla::MediaSourceTrackDemuxer::DoGetSamples(int32_t): manager is detached.: file /builddir/build/BUILD/firefox-68.0.2/dom/media/MediaDecoderStateMachine.cpp, line 3307
[Child 26417, MediaPlayback #1] WARNING: Decoder=7fc213d09400 Decode error: NS_ERROR_DOM_MEDIA_FATAL_ERR (0x806e0005) - RefPtr<mozilla::MozPromise<RefPtr<mozilla::MediaTrackDemuxer::SamplesHolder>, mozilla::MediaResult, true> > mozilla::MediaSourceTrackDemuxer::DoGetSamples(int32_t): manager is detached.: file /builddir/build/BUILD/firefox-68.0.2/dom/media/MediaDecoderStateMachine.cpp, line 3307
Loading config file: launcher.cfg 
Loading config file: /home/dylan/.config/openmw/openmw.cfg 
Loading config file: /etc/openmw/openmw.cfg 
QFile::setFileName: File (/home/dylan/.config/openmw/openmw.cfg) is already opened
Loading settings file: /etc/openmw/settings-default.cfg
The current profile is:  "" 
Loading config file: launcher.cfg 
Loading config file: /home/dylan/.config/openmw/openmw.cfg 
Loading config file: /etc/openmw/openmw.cfg 
QFile::setFileName: File (/home/dylan/.config/openmw/openmw.cfg) is already opened
Loading settings file: /etc/openmw/settings-default.cfg
The current profile is:  "" 
libpng warning: iCCP: known incorrect sRGB profile
libpng warning: iCCP: known incorrect sRGB profile
libpng warning: iCCP: known incorrect sRGB profile
libpng warning: iCCP: known incorrect sRGB profile
Created new setting section: Video
Added new setting: [Video] resolution x = 1920
Added new setting: [Video] resolution y = 1080
Added new setting: [Video] vsync = true
Updating settings file: "/home/dylan/.config/openmw/settings.cfg"
Loading config file: launcher.cfg 
Loading config file: /home/dylan/.config/openmw/openmw.cfg 
Loading config file: /etc/openmw/openmw.cfg 
QFile::setFileName: File (/home/dylan/.config/openmw/openmw.cfg) is already opened
Loading settings file: /etc/openmw/settings-default.cfg
Loading settings file: /home/dylan/.config/openmw/settings.cfg
The current profile is:  "" 
Loading config file: launcher.cfg 
Loading config file: launcher.cfg 
Loading config file: /home/dylan/.var/app/org.openmw.OpenMW/config/openmw/launcher.cfg 
Loading config file: /home/dylan/.config/openmw/openmw.cfg 
Loading config file: /etc/openmw/openmw.cfg 
QFile::setFileName: File (/home/dylan/.config/openmw/openmw.cfg) is already opened
Loading settings file: /etc/openmw/settings-default.cfg
Loading settings file: /home/dylan/.config/openmw/settings.cfg
The current profile is:  "" 
libpng warning: iCCP: known incorrect sRGB profile
libpng warning: iCCP: known incorrect sRGB profile
libpng warning: iCCP: known incorrect sRGB profile
[Parent 10473, Gecko_IOThread] WARNING: pipe error (126): Connection reset by peer: file /builddir/build/BUILD/firefox-68.0.2/ipc/chromium/src/chrome/common/ipc_channel_posix.cc, line 358
[Parent 10473, Gecko_IOThread] WARNING: pipe error (166): Connection reset by peer: file /builddir/build/BUILD/firefox-68.0.2/ipc/chromium/src/chrome/common/ipc_channel_posix.cc, line 358

(xfce4-panel:4056): xfce4-panel-CRITICAL **: 23:48:32.461: panel-window.c:2010 (panel_window_screen_layout_changed): expression 'PANEL_IS_WINDOW (window)' failed.

(xfce4-panel:4056): xfce4-panel-CRITICAL **: 23:48:32.463: panel-window.c:2010 (panel_window_screen_layout_changed): expression 'PANEL_IS_WINDOW (window)' failed.

(xfce4-panel:4056): xfce4-panel-CRITICAL **: 23:52:33.676: panel-window.c:2010 (panel_window_screen_layout_changed): expression 'PANEL_IS_WINDOW (window)' failed.

(xfce4-panel:4056): xfce4-panel-CRITICAL **: 23:52:33.677: panel-window.c:2010 (panel_window_screen_layout_changed): expression 'PANEL_IS_WINDOW (window)' failed.
[Parent 10473, Gecko_IOThread] WARNING: pipe error (207): Connection reset by peer: file /builddir/build/BUILD/firefox-68.0.2/ipc/chromium/src/chrome/common/ipc_channel_posix.cc, line 358
[Child 26417, MediaPlayback #4] WARNING: Decoder=7fc214497600 Decode error: NS_ERROR_DOM_MEDIA_FATAL_ERR (0x806e0005) - RefPtr<mozilla::MozPromise<RefPtr<mozilla::MediaTrackDemuxer::SamplesHolder>, mozilla::MediaResult, true> > mozilla::MediaSourceTrackDemuxer::DoGetSamples(int32_t): manager is detached.: file /builddir/build/BUILD/firefox-68.0.2/dom/media/MediaDecoderStateMachine.cpp, line 3307
[Parent 10473, Gecko_IOThread] WARNING: pipe error (77): Connection reset by peer: file /builddir/build/BUILD/firefox-68.0.2/ipc/chromium/src/chrome/common/ipc_channel_posix.cc, line 358
[Parent 10473, Gecko_IOThread] WARNING: pipe error (59): Connection reset by peer: file /builddir/build/BUILD/firefox-68.0.2/ipc/chromium/src/chrome/common/ipc_channel_posix.cc, line 358
[Parent 10473, Gecko_IOThread] WARNING: pipe error (151): Connection reset by peer: file /builddir/build/BUILD/firefox-68.0.2/ipc/chromium/src/chrome/common/ipc_channel_posix.cc, line 358
[Parent 10473, Gecko_IOThread] WARNING: pipe error (86): Connection reset by peer: file /builddir/build/BUILD/firefox-68.0.2/ipc/chromium/src/chrome/common/ipc_channel_posix.cc, line 358
Running Steam on fedora 30 64-bit
STEAM_RUNTIME is enabled automatically
Pins up-to-date!
Installing breakpad exception handler for appid(steam)/version(1566431379)
Installing breakpad exception handler for appid(steam)/version(1566431379)
Installing breakpad exception handler for appid(steam)/version(1566431379)
STEAM_RUNTIME_HEAVY: ./steam-runtime-heavy
Installing breakpad exception handler for appid(steam)/version(1566431379)
[0903/002500.475211:INFO:crash_reporting.cc(242)] Crash reporting enabled for process: browser
[0903/002500.690271:WARNING:crash_reporting.cc(281)] Failed to set crash key: UserID with value: 0
[0903/002500.690357:WARNING:crash_reporting.cc(281)] Failed to set crash key: BuildID with value: 1566425010
[0903/002500.690363:WARNING:crash_reporting.cc(281)] Failed to set crash key: SteamUniverse with value: Public
[0903/002500.690368:WARNING:crash_reporting.cc(281)] Failed to set crash key: Vendor with value: Valve
Installing breakpad exception handler for appid(steam)/version(1566431379)
Installing breakpad exception handler for appid(steam)/version(1566431379)
Installing breakpad exception handler for appid(steam)/version(1566431379)
Installing breakpad exception handler for appid(steam)/version(1566431379)
Installing breakpad exception handler for appid(steam)/version(1566431379)
Installing breakpad exception handler for appid(steam)/version(1566431379)
CApplicationManagerPopulateThread took 0 milliseconds to initialize (will have waited on CAppInfoCacheReadFromDiskThread)
Installing breakpad exception handler for appid(steam)/version(1566431379)
Installing breakpad exception handler for appid(steam)/version(1566431379)
Installing breakpad exception handler for appid(steam)/version(1566431379)
Installing breakpad exception handler for appid(steam)/version(1566431379)
Installing breakpad exception handler for appid(steam)/version(1566431379)
Installing breakpad exception handler for appid(steam)/version(1566431379)
Installing breakpad exception handler for appid(steam)/version(1566431379)
Installing breakpad exception handler for appid(steam)/version(1566431379)
Installing breakpad exception handler for appid(steam)/version(1566431379)
CAppInfoCacheReadFromDiskThread took 123 milliseconds to initialize
Installing breakpad exception handler for appid(steam)/version(1566431379)
[2019-09-03 00:24:55] Startup - updater built Aug 21 2019 21:56:17
Looks like steam didn't shutdown cleanly, scheduling immediate update check
[2019-09-03 00:24:55] Checking for update on startup
[2019-09-03 00:24:55] Checking for available updates...
[2019-09-03 00:24:55] Downloading manifest: client-download.steampowered.com/client/steam_client_ubuntu12
[2019-09-03 00:24:56] Download skipped: /client/steam_client_ubuntu12 version 1566431379, installed version 1566431379
[2019-09-03 00:24:56] Nothing to do
[2019-09-03 00:24:56] Verifying installation...
[2019-09-03 00:24:56] Performing checksum verification of executable files
[2019-09-03 00:24:59] Verification complete
registry.cpp (255) : Assertion Failed: On-disk registry has changed and is marked dirty - we're about to lose data.
registry.cpp (255) : Assertion Failed: On-disk registry has changed and is marked dirty - we're about to lose data.
Installing breakpad exception handler for appid(steam)/version(1566431379)
crash_20190903002501_22.dmp[8770]: Uploading dump (out-of-process)
/tmp/dumps/crash_20190903002501_22.dmp
Fossilize INFO: Overriding serialization path: "/home/dylan/.local/share/Steam/shader_cache_temp_dir_vk_64/fozpipelinesv4/steamapprun_pipeline_cache".
Installing breakpad exception handler for appid(steam)/version(1566431379)
Opted-in Controller Mask for AppId 0: 0

(steam:8600): Gtk-WARNING **: 00:25:06.255: gtk_disable_setlocale() must be called before gtk_init()
Installing breakpad exception handler for appid(steam)/version(1566431379)
crash_20190903002501_22.dmp[8770]: Finished uploading minidump (out-of-process): success = yes
crash_20190903002501_22.dmp[8770]: response: CrashID=bp-52d67c52-34ec-401c-a99a-9f29d2190902
crash_20190903002501_22.dmp[8770]: file ''/tmp/dumps/crash_20190903002501_22.dmp'', upload yes: ''CrashID=bp-52d67c52-34ec-401c-a99a-9f29d2190902''
roaming config store loaded successfully - 164 bytes.
migrating temporary roaming config store
[0903/002511.498652:INFO:crash_reporting.cc(265)] Crash reporting enabled for process: renderer
[0903/002511.529306:WARNING:crash_reporting.cc(281)] Failed to set crash key: UserID with value: 0
[0903/002511.529430:WARNING:crash_reporting.cc(281)] Failed to set crash key: BuildID with value: 1566425010
[0903/002511.529440:WARNING:crash_reporting.cc(281)] Failed to set crash key: SteamUniverse with value: Public
[0903/002511.529449:WARNING:crash_reporting.cc(281)] Failed to set crash key: Vendor with value: Valve
[0903/002511.530211:INFO:crash_reporting.cc(242)] Crash reporting enabled for process: gpu-process
Installing breakpad exception handler for appid(steam)/version(1566431379)
Failed to init SteamVR because it isn't installed
ExecCommandLine: "'/home/dylan/.local/share/Steam/ubuntu12_32/steam'"
System startup time: 12.55 seconds
[0903/002512.390782:INFO:crash_reporting.cc(265)] Crash reporting enabled for process: renderer
JS method call WebChat.GetWebChatLanguage with 1 arguments
JS method call WebChat.RegisterForFriendPostMessage with 1 arguments
JS method call WebChat.RegisterOverlayChatBrowserInfoChanged with 1 arguments
JS method call WebChat.GetSignIntoFriendsOnStart with 1 arguments
JS method call WebChat.GetCurrentUserAccountID with 1 arguments
JS method call WebChat.RegisterForFriendPostMessage with 1 arguments
JS method call WebChat.GetWebChatURL with 1 arguments
JS method call FriendSettings.RegisterForSettingsChanges with 1 arguments
JS method call WebChat.RegisterForPushToTalkStateChange with 1 arguments
JS method call WebChat.SetVoiceChatActive with 1 arguments
JS method call WebChat.RegisterForComputerActiveStateChange with 1 arguments
JS method call WebChat.RegisterForFriendPostMessage with 1 arguments
JS method call Messaging.RegisterForMessages with 2 arguments
JS method call Messaging.RegisterForMessages with 2 arguments
JS method call Messaging.RegisterForMessages with 2 arguments
JS method call RemotePlay.RegisterForRemoteClientStarted with 1 arguments
[0903/002513.879464:INFO:crash_reporting.cc(265)] Crash reporting enabled for process: renderer
JS method call SharedConnection.AllocateSharedConnection with 1 arguments
JS method call WebChat.RegisterOverlayChatBrowserInfoChanged with 1 arguments
JS method call FriendSettings.GetEnabledFeatures with 1 arguments
JS method call RemotePlay.RegisterForSessionStarted with 1 arguments
JS method call RemotePlay.RegisterForSessionStopped with 1 arguments
JS method call RemotePlay.RegisterForSessionJoined with 1 arguments
JS method call RemotePlay.RegisterForInputUsed with 1 arguments
JS method call RemotePlay.RegisterForPlayerInputSettingsChanged with 1 arguments
JS method call RemotePlay.BEnabled with 1 arguments
JS method call SharedConnection.SubscribeToEMsg with 2 arguments
JS method call SharedConnection.SubscribeToEMsg with 2 arguments
JS method call SharedConnection.SubscribeToEMsg with 2 arguments
JS method call SharedConnection.SubscribeToEMsg with 2 arguments
JS method call SharedConnection.SubscribeToEMsg with 2 arguments
JS method call SharedConnection.SubscribeToClientServiceMethod with 2 arguments
JS method call SharedConnection.SubscribeToClientServiceMethod with 2 arguments
JS method call SharedConnection.SubscribeToClientServiceMethod with 2 arguments
JS method call SharedConnection.SubscribeToClientServiceMethod with 2 arguments
JS method call SharedConnection.SubscribeToClientServiceMethod with 2 arguments
JS method call SharedConnection.SubscribeToClientServiceMethod with 2 arguments
JS method call SharedConnection.SubscribeToClientServiceMethod with 2 arguments
JS method call SharedConnection.SubscribeToClientServiceMethod with 2 arguments
JS method call SharedConnection.SubscribeToClientServiceMethod with 2 arguments
JS method call SharedConnection.SubscribeToClientServiceMethod with 2 arguments
JS method call SharedConnection.SubscribeToClientServiceMethod with 2 arguments
JS method call SharedConnection.SubscribeToClientServiceMethod with 2 arguments
JS method call SharedConnection.SubscribeToClientServiceMethod with 2 arguments
JS method call SharedConnection.SubscribeToClientServiceMethod with 2 arguments
JS method call SharedConnection.SubscribeToClientServiceMethod with 2 arguments
JS method call SharedConnection.SubscribeToClientServiceMethod with 2 arguments
JS method call SharedConnection.SubscribeToClientServiceMethod with 2 arguments
JS method call SharedConnection.SubscribeToClientServiceMethod with 2 arguments
JS method call SharedConnection.SubscribeToClientServiceMethod with 2 arguments
JS method call SharedConnection.SubscribeToClientServiceMethod with 2 arguments
JS method call SharedConnection.SubscribeToClientServiceMethod with 2 arguments
JS method call SharedConnection.SubscribeToClientServiceMethod with 2 arguments
JS method call SharedConnection.SubscribeToClientServiceMethod with 2 arguments
JS method call SharedConnection.SubscribeToClientServiceMethod with 2 arguments
JS method call SharedConnection.SubscribeToClientServiceMethod with 2 arguments
JS method call SharedConnection.SubscribeToClientServiceMethod with 2 arguments
JS method call SharedConnection.SubscribeToClientServiceMethod with 2 arguments
JS method call SharedConnection.RegisterOnLogonInfoChanged with 2 arguments
JS method call SharedConnection.SendMsgAndAwaitResponse with 3 arguments
JS method call Storage.GetString with 2 arguments
JS method call SharedConnection.SendMsgAndAwaitResponse with 3 arguments
JS method call Storage.GetString with 2 arguments
JS method call Storage.GetString with 2 arguments
JS method call Storage.GetString with 2 arguments
JS method call Storage.GetString with 2 arguments
JS method call Storage.GetString with 2 arguments
JS method call SharedConnection.SendMsgAndAwaitResponse with 3 arguments
JS method call SharedConnection.SendMsgAndAwaitResponse with 3 arguments
JS method call WebChat.GetOverlayChatBrowserInfo with 1 arguments
JS method call Parental.RegisterForParentalSettingsChanges with 1 arguments
JS method call Broadcast.RegisterForBroadcastStatus with 1 arguments
JS method call Broadcast.RegisterForViewerRequests with 1 arguments
JS method call SharedConnection.SendMsgAndAwaitResponse with 3 arguments
JS method call SharedConnection.RegisterOnMessageReceived with 2 arguments
JS method call SharedConnection.SendMsg with 2 arguments
JS method call WebChat.GetPushToTalkEnabled with 1 arguments
JS method call Storage.GetString with 2 arguments
JS method call SharedConnection.SendMsgAndAwaitResponse with 3 arguments
JS method call Storage.GetString with 2 arguments
JS method call Storage.GetString with 2 arguments
JS method call SharedConnection.SendMsgAndAwaitResponse with 3 arguments
JS method call SharedConnection.SendMsgAndAwaitResponse with 3 arguments
JS method call SharedConnection.SendMsgAndAwaitResponse with 3 arguments
[0903/002514.214138:INFO:crash_reporting.cc(265)] Crash reporting enabled for process: renderer
JS method call SharedConnection.SendMsgAndAwaitResponse with 3 arguments
JS method call SharedConnection.SendMsgAndAwaitResponse with 3 arguments
JS method call WebChat.SetNumChatsWithUnreadPriorityMessages with 1 arguments
JS method call Messaging.PostMessage with 4 arguments
JS method call Storage.GetString with 2 arguments
JS method call WebChat.BSuppressPopupsInRestore with 1 arguments
[0903/002516.064764:INFO:crash_reporting.cc(265)] Crash reporting enabled for process: renderer
[0903/002522.201471:WARNING:keyboard_code_conversion_x.cc(1438)] Unknown keycode:108
Installing breakpad exception handler for appid(steam)/version(1566431379)
Installing breakpad exception handler for appid(steam)/version(1566431379)
[0903/002526.427171:WARNING:keyboard_code_conversion_x.cc(1438)] Unknown keycode:108
[0903/002552.346687:WARNING:keyboard_code_conversion_x.cc(1438)] Unknown keycode:108
[0903/002748.955589:WARNING:keyboard_code_conversion_x.cc(1438)] Unknown keycode:64
[0903/002749.740341:WARNING:keyboard_code_conversion_x.cc(1438)] Unknown keycode:108
[0903/002759.391043:WARNING:spdy_session.cc(3178)] Received HEADERS for invalid stream 149
[Parent 10473, Gecko_IOThread] WARNING: pipe error (141): Connection reset by peer: file /builddir/build/BUILD/firefox-68.0.2/ipc/chromium/src/chrome/common/ipc_channel_posix.cc, line 358
[Parent 10473, Gecko_IOThread] WARNING: pipe error (86): Connection reset by peer: file /builddir/build/BUILD/firefox-68.0.2/ipc/chromium/src/chrome/common/ipc_channel_posix.cc, line 358
[Parent 10473, Gecko_IOThread] WARNING: pipe error (390): Connection reset by peer: file /builddir/build/BUILD/firefox-68.0.2/ipc/chromium/src/chrome/common/ipc_channel_posix.cc, line 358
[Parent 10473, Gecko_IOThread] WARNING: pipe error (66): Connection reset by peer: file /builddir/build/BUILD/firefox-68.0.2/ipc/chromium/src/chrome/common/ipc_channel_posix.cc, line 358
[Parent 10473, Gecko_IOThread] WARNING: pipe error (266): Connection reset by peer: file /builddir/build/BUILD/firefox-68.0.2/ipc/chromium/src/chrome/common/ipc_channel_posix.cc, line 358
[Parent 10473, Gecko_IOThread] WARNING: pipe error (341): Connection reset by peer: file /builddir/build/BUILD/firefox-68.0.2/ipc/chromium/src/chrome/common/ipc_channel_posix.cc, line 358
[Parent 10473, Gecko_IOThread] WARNING: pipe error (72): Connection reset by peer: file /builddir/build/BUILD/firefox-68.0.2/ipc/chromium/src/chrome/common/ipc_channel_posix.cc, line 358
[Parent 10473, Gecko_IOThread] WARNING: pipe error (331): Connection reset by peer: file /builddir/build/BUILD/firefox-68.0.2/ipc/chromium/src/chrome/common/ipc_channel_posix.cc, line 358
[Parent 10473, Gecko_IOThread] WARNING: pipe error (88): Connection reset by peer: file /builddir/build/BUILD/firefox-68.0.2/ipc/chromium/src/chrome/common/ipc_channel_posix.cc, line 358
[Parent 10473, Gecko_IOThread] WARNING: pipe error (140): Connection reset by peer: file /builddir/build/BUILD/firefox-68.0.2/ipc/chromium/src/chrome/common/ipc_channel_posix.cc, line 358
[Child 26417, MediaPlayback #3] WARNING: Decoder=7fc212e34600 Decode error: NS_ERROR_DOM_MEDIA_FATAL_ERR (0x806e0005) - RefPtr<mozilla::MozPromise<RefPtr<mozilla::MediaTrackDemuxer::SamplesHolder>, mozilla::MediaResult, true> > mozilla::MediaSourceTrackDemuxer::DoGetSamples(int32_t): manager is detached.: file /builddir/build/BUILD/firefox-68.0.2/dom/media/MediaDecoderStateMachine.cpp, line 3307
[Child 26417, MediaPlayback #3] WARNING: Decoder=7fc212e34600 Decode error: NS_ERROR_DOM_MEDIA_FATAL_ERR (0x806e0005) - RefPtr<mozilla::MozPromise<RefPtr<mozilla::MediaTrackDemuxer::SamplesHolder>, mozilla::MediaResult, true> > mozilla::MediaSourceTrackDemuxer::DoGetSamples(int32_t): manager is detached.: file /builddir/build/BUILD/firefox-68.0.2/dom/media/MediaDecoderStateMachine.cpp, line 3307
[Child 26417, MediaPlayback #2] WARNING: Decoder=7fc212e34600 Decode error: NS_ERROR_DOM_MEDIA_FATAL_ERR (0x806e0005) - RefPtr<mozilla::MozPromise<RefPtr<mozilla::MediaTrackDemuxer::SamplesHolder>, mozilla::MediaResult, true> > mozilla::MediaSourceTrackDemuxer::DoGetSamples(int32_t): manager is detached.: file /builddir/build/BUILD/firefox-68.0.2/dom/media/MediaDecoderStateMachine.cpp, line 3307
[Child 26417, MediaPlayback #3] WARNING: Decoder=7fc212e34600 Decode error: NS_ERROR_DOM_MEDIA_FATAL_ERR (0x806e0005) - RefPtr<mozilla::MozPromise<RefPtr<mozilla::MediaTrackDemuxer::SamplesHolder>, mozilla::MediaResult, true> > mozilla::MediaSourceTrackDemuxer::DoGetSamples(int32_t): manager is detached.: file /builddir/build/BUILD/firefox-68.0.2/dom/media/MediaDecoderStateMachine.cpp, line 3307
JS method call Messaging.PostMessage with 4 arguments
JS method call SharedConnection.SendMsg with 2 arguments
JS method call Messaging.PostMessage with 4 arguments
JS method call Messaging.PostMessage with 4 arguments
JS method call SharedConnection.SendMsg with 2 arguments
JS method call Storage.SetString with 3 arguments
JS method call Messaging.PostMessage with 4 arguments

###!!! [Child][MessageChannel] Error: (msgtype=0x530005,name=PHttpChannel::Msg_Cancel) Closed channel: cannot send/recv

[Parent 10473, Gecko_IOThread] WARNING: pipe error (246): Connection reset by peer: file /builddir/build/BUILD/firefox-68.0.2/ipc/chromium/src/chrome/common/ipc_channel_posix.cc, line 358
[Parent 10473, Gecko_IOThread] WARNING: pipe error (137): Connection reset by peer: file /builddir/build/BUILD/firefox-68.0.2/ipc/chromium/src/chrome/common/ipc_channel_posix.cc, line 358
[Parent 10473, Gecko_IOThread] WARNING: pipe error (235): Connection reset by peer: file /builddir/build/BUILD/firefox-68.0.2/ipc/chromium/src/chrome/common/ipc_channel_posix.cc, line 358
[Parent 10473, Gecko_IOThread] WARNING: pipe error (315): Connection reset by peer: file /builddir/build/BUILD/firefox-68.0.2/ipc/chromium/src/chrome/common/ipc_channel_posix.cc, line 358

###!!! [Parent][RunMessage] Error: Channel closing: too late to send/recv, messages will be lost


(xfce4-panel:4056): xfce4-panel-CRITICAL **: 01:17:35.829: panel-window.c:2010 (panel_window_screen_layout_changed): expression 'PANEL_IS_WINDOW (window)' failed.

(xfce4-panel:4056): xfce4-panel-CRITICAL **: 01:17:35.830: panel-window.c:2010 (panel_window_screen_layout_changed): expression 'PANEL_IS_WINDOW (window)' failed.
JS method call Messaging.PostMessage with 4 arguments
JS method call SharedConnection.SendMsg with 2 arguments
JS method call Messaging.PostMessage with 4 arguments
JS method call Messaging.PostMessage with 4 arguments
JS method call SharedConnection.SendMsg with 2 arguments
JS method call Messaging.PostMessage with 4 arguments
JS method call WebChat.GetWebChatURL with 1 arguments
JS method call Messaging.PostMessage with 4 arguments
JS method call SharedConnection.SendMsg with 2 arguments
JS method call Storage.SetString with 3 arguments
JS method call Messaging.PostMessage with 4 arguments
JS method call Messaging.PostMessage with 4 arguments
JS method call SharedConnection.SendMsg with 2 arguments
JS method call Messaging.PostMessage with 4 arguments
JS method call WebChat.GetWebChatURL with 1 arguments
JS method call Messaging.PostMessage with 4 arguments
JS method call SharedConnection.SendMsg with 2 arguments
JS method call Messaging.PostMessage with 4 arguments

(xfce4-panel:4056): xfce4-panel-CRITICAL **: 10:21:27.427: panel-window.c:2010 (panel_window_screen_layout_changed): expression 'PANEL_IS_WINDOW (window)' failed.

(xfce4-panel:4056): xfce4-panel-CRITICAL **: 10:21:27.428: panel-window.c:2010 (panel_window_screen_layout_changed): expression 'PANEL_IS_WINDOW (window)' failed.

(xfce4-panel:4056): xfce4-panel-CRITICAL **: 10:21:27.430: panel-window.c:2010 (panel_window_screen_layout_changed): expression 'PANEL_IS_WINDOW (window)' failed.

(xfce4-panel:4056): xfce4-panel-CRITICAL **: 10:21:28.216: panel-window.c:2010 (panel_window_screen_layout_changed): expression 'PANEL_IS_WINDOW (window)' failed.

(xfce4-panel:4056): xfce4-panel-CRITICAL **: 10:21:28.217: panel-window.c:2010 (panel_window_screen_layout_changed): expression 'PANEL_IS_WINDOW (window)' failed.

(xfce4-panel:4056): xfce4-panel-CRITICAL **: 10:22:04.336: panel-window.c:2010 (panel_window_screen_layout_changed): expression 'PANEL_IS_WINDOW (window)' failed.

(xfce4-panel:4056): xfce4-panel-CRITICAL **: 10:22:04.337: panel-window.c:2010 (panel_window_screen_layout_changed): expression 'PANEL_IS_WINDOW (window)' failed.
JS method call Messaging.PostMessage with 4 arguments
JS method call SharedConnection.SendMsg with 2 arguments
JS method call Storage.SetString with 3 arguments
JS method call Messaging.PostMessage with 4 arguments
JS method call Messaging.PostMessage with 4 arguments
JS method call SharedConnection.SendMsg with 2 arguments
JS method call Messaging.PostMessage with 4 arguments
JS method call Messaging.PostMessage with 4 arguments
JS method call SharedConnection.SendMsg with 2 arguments
JS method call Storage.SetString with 3 arguments
JS method call Messaging.PostMessage with 4 arguments
JS method call Messaging.PostMessage with 4 arguments
JS method call SharedConnection.SendMsg with 2 arguments
JS method call Messaging.PostMessage with 4 arguments
JS method call Messaging.PostMessage with 4 arguments
JS method call SharedConnection.SendMsg with 2 arguments
JS method call Storage.SetString with 3 arguments
JS method call Messaging.PostMessage with 4 arguments
JS method call Messaging.PostMessage with 4 arguments
JS method call SharedConnection.SendMsg with 2 arguments
JS method call Messaging.PostMessage with 4 arguments
JS method call Messaging.PostMessage with 4 arguments
JS method call SharedConnection.SendMsg with 2 arguments
JS method call Storage.SetString with 3 arguments
JS method call Messaging.PostMessage with 4 arguments
